\BOOKMARK [0][-]{chapter.1}{Introduction}{}% 1
\BOOKMARK [1][-]{section.1.1}{}{chapter.1}% 2
\BOOKMARK [0][-]{chapter.2}{Elements\040of\040transport\040optimal}{}% 3
\BOOKMARK [1][-]{section.2.1}{Optimal\040transport\040}{chapter.2}% 4
\BOOKMARK [2][-]{subsection.2.1.1}{Assignment\040and\040Monge\040problem}{section.2.1}% 5
\BOOKMARK [2][-]{subsection.2.1.2}{Kantorovich\040relaxation}{section.2.1}% 6
\BOOKMARK [2][-]{subsection.2.1.3}{Entropic\040regularization}{section.2.1}% 7
\BOOKMARK [2][-]{subsection.2.1.4}{Sinkhorn\040loss}{section.2.1}% 8
\BOOKMARK [0][-]{chapter.3}{Optimal\040transport-based\040machine\040learning\040to\040match\040specific\040patterns:\040application\040to\040the\040detection\040of\040molecular\040regulation\040patterns\040in\040omics\040data}{}% 9
\BOOKMARK [1][-]{section.3.1}{Introduction}{chapter.3}% 10
\BOOKMARK [1][-]{section.3.2}{Data}{chapter.3}% 11
\BOOKMARK [2][-]{subsection.3.2.1}{Presentation}{section.3.2}% 12
\BOOKMARK [2][-]{subsection.3.2.2}{A\040brief\040data\040analysis}{section.3.2}% 13
\BOOKMARK [3][-]{subsubsection.3.2.2.1}{Using\040k-means\040to\040cluster\040the\040mRNA\040and\040miRNA\040profiles}{subsection.3.2.2}% 14
\BOOKMARK [3][-]{subsubsection.3.2.2.2}{Using\040kernel\040density\040estimators\040to\040study\040the\040marginal\040distributions\040of\040the\040mRNA\040and\040miRNA\040profiles}{subsection.3.2.2}% 15
\BOOKMARK [1][-]{section.3.3}{Elements\040of\040optimal\040transport}{chapter.3}% 16
\BOOKMARK [1][-]{section.3.4}{Elements\040of\040optimal\040transport}{chapter.3}% 17
\BOOKMARK [1][-]{section.3.5}{Optimal\040transport-based\040machine\040learning}{chapter.3}% 18
\BOOKMARK [2][-]{subsection.3.5.1}{\040Stage\0401:\040the\040master\040optimization\040program\040and\040how\040to\040solve\040it\040}{section.3.5}% 19
\BOOKMARK [2][-]{subsection.3.5.2}{\040Stage\0402:\040co-clustering\040or\040matching\040}{section.3.5}% 20
\BOOKMARK [3][-]{subsubsection.3.5.2.1}{Co-clustering.}{subsection.3.5.2}% 21
\BOOKMARK [3][-]{subsubsection.3.5.2.2}{Matching.}{subsection.3.5.2}% 22
\BOOKMARK [2][-]{subsection.3.5.3}{Implementation\040of\040the\040method}{section.3.5}% 23
\BOOKMARK [1][-]{section.3.6}{Simulation\040study}{chapter.3}% 24
\BOOKMARK [2][-]{subsection.3.6.1}{Two\040``Gromov-Wasserstein\040co-clustering''\040algorithms}{section.3.6}% 25
\BOOKMARK [2][-]{subsection.3.6.2}{Listing\040all\040competing\040algorithms}{section.3.6}% 26
\BOOKMARK [2][-]{subsection.3.6.3}{Assessing\040performances}{section.3.6}% 27
\BOOKMARK [2][-]{subsection.3.6.4}{First\040simulation\040study}{section.3.6}% 28
\BOOKMARK [2][-]{subsection.3.6.5}{Second\040simulation\040study}{section.3.6}% 29
\BOOKMARK [2][-]{subsection.3.6.6}{Third\040simulation\040study}{section.3.6}% 30
\BOOKMARK [1][-]{section.3.7}{Illustration\040on\040real\040data\040:\040matching\040mRNA\040and\040miRNA\040in\040Huntington's\040disease\040mice\040}{chapter.3}% 31
\BOOKMARK [2][-]{subsection.3.7.1}{Tuning}{section.3.7}% 32
\BOOKMARK [2][-]{subsection.3.7.2}{Results}{section.3.7}% 33
\BOOKMARK [2][-]{subsection.3.7.3}{\040Biological\040analysis\040of\040the\040results\040}{section.3.7}% 34
\BOOKMARK [1][-]{section.3.8}{Discussion}{chapter.3}% 35
\BOOKMARK [1][-]{section.3.9}{Appendix}{chapter.3}% 36
\BOOKMARK [0][-]{chapter.4}{Making\040sparse\040predictions,\040and\040anticipating\040the\040requests\040of\040declaration\040of\040natural\040disasters\040for\040a\040drought\040event\040in\040France}{}% 37
\BOOKMARK [1][-]{section.4.1}{Introduction}{chapter.4}% 38
\BOOKMARK [1][-]{section.4.2}{The\040data}{chapter.4}% 39
\BOOKMARK [1][-]{section.4.3}{Some\040elements\040of\040optimal\040transport\040theory}{chapter.4}% 40
\BOOKMARK [1][-]{section.4.4}{Making\040sparse\040predictions}{chapter.4}% 41
\BOOKMARK [2][-]{subsection.4.4.1}{Translation\040to\040an\040optimization\040problem}{section.4.4}% 42
\BOOKMARK [2][-]{subsection.4.4.2}{On\040solving\040\(4.2\)}{section.4.4}% 43
\BOOKMARK [1][-]{section.4.5}{Implementation}{chapter.4}% 44
\BOOKMARK [1][-]{section.4.6}{A\040simple\040simulation\040study}{chapter.4}% 45
\BOOKMARK [2][-]{subsection.4.6.1}{Simulation\040scheme}{section.4.6}% 46
\BOOKMARK [2][-]{subsection.4.6.2}{Fine-tuning\040our\040procedure}{section.4.6}% 47
\BOOKMARK [2][-]{subsection.4.6.3}{Alternative,\040classification-based\040approaches}{section.4.6}% 48
\BOOKMARK [1][-]{section.4.7}{Application}{chapter.4}% 49
\BOOKMARK [1][-]{section.4.8}{Discussion}{chapter.4}% 50
\BOOKMARK [1][-]{section.4.9}{Proof:\040Checking\040the\040iPiano\040assumptions}{chapter.4}% 51
\BOOKMARK [2][-]{subsection.4.9.1}{The function f is C1-smooth and its gradient is Lipschitz continuous on `3́9`42`"̇613A``45`47`"603Adomg}{section.4.9}% 52
\BOOKMARK [3][-]{subsubsection.4.9.1.1}{Preliminaries}{subsection.4.9.1}% 53
\BOOKMARK [3][-]{subsubsection.4.9.1.2}{The\040function\040f\040is\040differentiable}{subsection.4.9.1}% 54
\BOOKMARK [3][-]{subsubsection.4.9.1.3}{\040P"0362P\040and\040Q"0362Q\040are\040Lipschitz\040continuous\040\(as\040functions\040of\040\)}{subsection.4.9.1}% 55
\BOOKMARK [2][-]{subsection.4.9.2}{The\040function\040H\040satisfies\040the\040Kurdyka-Lojasiewicz\040property}{section.4.9}% 56
\BOOKMARK [3][-]{subsubsection.4.9.2.1}{The\040Kurdyka-Lojasiewicz\040property}{subsection.4.9.2}% 57
\BOOKMARK [3][-]{subsubsection.4.9.2.2}{The\040function\040H\040is\040definable\040in\040Rexp}{subsection.4.9.2}% 58
\BOOKMARK [3][-]{subsubsection.4.9.2.3}{The function ̋ is proper and lower semicontinuous, hence satisfies the Kurdyka-Lojasiewicz property on the domain of H}{subsection.4.9.2}% 59
\BOOKMARK [0][-]{chapter.5}{Conclusion\040and\040discussion}{}% 60
\BOOKMARK [1][-]{section.5.1}{Conclusion}{chapter.5}% 61
\BOOKMARK [1][-]{section.5.2}{Discussion}{chapter.5}% 62
